<?xml version="1.0" encoding="UTF-8"?>
<testng-results ignored="0" total="5" passed="5" failed="0" skipped="0">
  <reporter-output>
  </reporter-output>
  <suite started-at="2020-10-06T14:46:26 IST" name="Default suite" finished-at="2020-10-06T14:47:06 IST" duration-ms="40446">
    <groups>
    </groups>
    <test started-at="2020-10-06T14:46:26 IST" name="Default test" finished-at="2020-10-06T14:47:06 IST" duration-ms="40446">
      <class name="test.Balancing_Page_Tests">
        <test-method is-config="true" signature="beforeTest()[pri:0, instance:test.Balancing_Page_Tests@75329a49]" started-at="2020-10-06T14:46:26 IST" name="beforeTest" finished-at="2020-10-06T14:46:56 IST" duration-ms="30080" status="PASS">
          <reporter-output>
          </reporter-output>
        </test-method> <!-- beforeTest -->
        <test-method signature="OpenbalancingPageAndClickDisBad(java.lang.String, java.lang.String)[pri:0, instance:test.Balancing_Page_Tests@75329a49]" started-at="2020-10-06T14:46:56 IST" name="OpenbalancingPageAndClickDisBad" data-provider="abc" finished-at="2020-10-06T14:46:58 IST" duration-ms="2362" status="PASS">
          <params>
            <param index="0">
              <value>
                <![CDATA[abc]]>
              </value>
            </param>
            <param index="1">
              <value>
                <![CDATA[aa]]>
              </value>
            </param>
          </params>
          <reporter-output>
          </reporter-output>
        </test-method> <!-- OpenbalancingPageAndClickDisBad -->
        <test-method signature="OpenbalancingPageAndClickDisBad(java.lang.String, java.lang.String)[pri:0, instance:test.Balancing_Page_Tests@75329a49]" started-at="2020-10-06T14:46:58 IST" name="OpenbalancingPageAndClickDisBad" data-provider="abc" finished-at="2020-10-06T14:47:01 IST" duration-ms="2408" status="PASS">
          <params>
            <param index="0">
              <value>
                <![CDATA[qwe]]>
              </value>
            </param>
            <param index="1">
              <value>
                <![CDATA[ab]]>
              </value>
            </param>
          </params>
          <reporter-output>
          </reporter-output>
        </test-method> <!-- OpenbalancingPageAndClickDisBad -->
        <test-method signature="OpenbalancingPageAndClickDisBad(java.lang.String, java.lang.String)[pri:0, instance:test.Balancing_Page_Tests@75329a49]" started-at="2020-10-06T14:47:01 IST" name="OpenbalancingPageAndClickDisBad" data-provider="abc" finished-at="2020-10-06T14:47:02 IST" duration-ms="1450" status="PASS">
          <params>
            <param index="0">
              <value>
                <![CDATA[qwec]]>
              </value>
            </param>
            <param index="1">
              <value>
                <![CDATA[aac]]>
              </value>
            </param>
          </params>
          <reporter-output>
          </reporter-output>
        </test-method> <!-- OpenbalancingPageAndClickDisBad -->
        <test-method signature="OpenbalancingPageAndClickDisBad(java.lang.String, java.lang.String)[pri:0, instance:test.Balancing_Page_Tests@75329a49]" started-at="2020-10-06T14:47:02 IST" name="OpenbalancingPageAndClickDisBad" data-provider="abc" finished-at="2020-10-06T14:47:04 IST" duration-ms="1687" status="PASS">
          <params>
            <param index="0">
              <value>
                <![CDATA[wwww]]>
              </value>
            </param>
            <param index="1">
              <value>
                <![CDATA[ALL]]>
              </value>
            </param>
          </params>
          <reporter-output>
          </reporter-output>
        </test-method> <!-- OpenbalancingPageAndClickDisBad -->
        <test-method signature="OpenbalancingPageAndClickDisBad(java.lang.String, java.lang.String)[pri:0, instance:test.Balancing_Page_Tests@75329a49]" started-at="2020-10-06T14:47:04 IST" name="OpenbalancingPageAndClickDisBad" data-provider="abc" finished-at="2020-10-06T14:47:06 IST" duration-ms="1582" status="PASS">
          <params>
            <param index="0">
              <value is-null="true"/>
            </param>
            <param index="1">
              <value is-null="true"/>
            </param>
          </params>
          <reporter-output>
          </reporter-output>
        </test-method> <!-- OpenbalancingPageAndClickDisBad -->
        <test-method is-config="true" signature="closeBrowser()[pri:0, instance:test.Balancing_Page_Tests@75329a49]" started-at="2020-10-06T14:47:06 IST" name="closeBrowser" finished-at="2020-10-06T14:47:06 IST" duration-ms="658" status="PASS">
          <reporter-output>
          </reporter-output>
        </test-method> <!-- closeBrowser -->
      </class> <!-- test.Balancing_Page_Tests -->
    </test> <!-- Default test -->
  </suite> <!-- Default suite -->
</testng-results>
