<?xml version="1.0" encoding="UTF-8"?>
<testng-results ignored="0" total="1" passed="1" failed="0" skipped="0">
  <reporter-output>
  </reporter-output>
  <suite started-at="2020-10-02T16:35:28 IST" name="Default suite" finished-at="2020-10-02T16:35:53 IST" duration-ms="25264">
    <groups>
    </groups>
    <test started-at="2020-10-02T16:35:28 IST" name="Default test" finished-at="2020-10-02T16:35:53 IST" duration-ms="25264">
      <class name="test.Balancing_Page_Tests">
        <test-method is-config="true" signature="beforeTest()[pri:0, instance:test.Balancing_Page_Tests@309e345f]" started-at="2020-10-02T16:35:28 IST" name="beforeTest" finished-at="2020-10-02T16:35:46 IST" duration-ms="18093" status="PASS">
          <reporter-output>
          </reporter-output>
        </test-method> <!-- beforeTest -->
        <test-method signature="OpenbalancingPageAndClickDisBad()[pri:0, instance:test.Balancing_Page_Tests@309e345f]" started-at="2020-10-02T16:35:46 IST" name="OpenbalancingPageAndClickDisBad" finished-at="2020-10-02T16:35:53 IST" duration-ms="6508" status="PASS">
          <reporter-output>
          </reporter-output>
        </test-method> <!-- OpenbalancingPageAndClickDisBad -->
        <test-method is-config="true" signature="closeBrowser()[pri:0, instance:test.Balancing_Page_Tests@309e345f]" started-at="2020-10-02T16:35:53 IST" name="closeBrowser" finished-at="2020-10-02T16:35:53 IST" duration-ms="636" status="PASS">
          <reporter-output>
          </reporter-output>
        </test-method> <!-- closeBrowser -->
      </class> <!-- test.Balancing_Page_Tests -->
    </test> <!-- Default test -->
  </suite> <!-- Default suite -->
</testng-results>
