<?xml version="1.0" encoding="UTF-8"?>
<!-- Generated by org.testng.reporters.JUnitXMLReporter -->
<testsuite ignored="0" hostname="LAPTOP-5D4Q2ADB" failures="1" tests="1" name="Test" time="21.23" errors="0" timestamp="2020-09-25T19:20:23 IST">
  <testcase classname="test.Disbsad_Page_Test" name="OpenDisBsadAndViewTable" time="0.02">
    <failure type="java.lang.NullPointerException">
      <![CDATA[java.lang.NullPointerException
at org.openqa.selenium.support.pagefactory.DefaultElementLocator.findElement(DefaultElementLocator.java:69)
at org.openqa.selenium.support.pagefactory.internal.LocatingElementHandler.invoke(LocatingElementHandler.java:38)
at com.sun.proxy.$Proxy11.getText(Unknown Source)
at com.PageObjects.DisbsadPage.verifyHeader(DisbsadPage.java:22)
at test.Disbsad_Page_Test.OpenDisBsadAndViewTable(Disbsad_Page_Test.java:17)
at java.base/java.util.ArrayList.forEach(ArrayList.java:1511)
... Removed 27 stack frames]]>
    </failure>
  </testcase> <!-- OpenDisBsadAndViewTable -->
</testsuite> <!-- Test -->
