<?xml version="1.0" encoding="UTF-8"?>
<!-- Generated by org.testng.reporters.JUnitXMLReporter -->
<testsuite ignored="0" hostname="LAPTOP-5D4Q2ADB" failures="0" tests="5" name="Default test" time="40.446" errors="0" timestamp="2020-10-06T14:47:06 IST">
  <testcase classname="test.Balancing_Page_Tests" name="OpenbalancingPageAndClickDisBad" time="2.362"/>
  <testcase classname="test.Balancing_Page_Tests" name="OpenbalancingPageAndClickDisBad" time="2.408"/>
  <testcase classname="test.Balancing_Page_Tests" name="OpenbalancingPageAndClickDisBad" time="1.45"/>
  <testcase classname="test.Balancing_Page_Tests" name="OpenbalancingPageAndClickDisBad" time="1.687"/>
  <testcase classname="test.Balancing_Page_Tests" name="OpenbalancingPageAndClickDisBad" time="1.582"/>
</testsuite> <!-- Default test -->
